<?xml version="1.0" encoding="UTF-8"?>
<!-- Generated by org.testng.reporters.JUnitReportReporter -->
<testsuite hostname="CSCO-W-PF2S5A61" failures="0" tests="5" name="com.runner.TestRunner" time="9.953" errors="0" timestamp="2021-12-21T20:21:34 IST" skipped="0">
  <testcase classname="com.runner.TestRunner" name="runScenario" time="0.474"/>
  <system-out/>
  <testcase classname="com.runner.TestRunner" name="runScenario" time="0.247"/>
  <system-out/>
  <testcase classname="com.runner.TestRunner" name="runScenario" time="5.637"/>
  <system-out/>
  <testcase classname="com.runner.TestRunner" name="runScenario" time="0.311"/>
  <system-out/>
  <testcase classname="com.runner.TestRunner" name="runScenario" time="3.284"/>
  <system-out/>
</testsuite> <!-- com.runner.TestRunner -->
