<?xml version="1.0" encoding="UTF-8"?>
<!-- Generated by org.testng.reporters.JUnitReportReporter -->
<testsuite hostname="CSCO-W-PF2S5A61" failures="0" tests="5" name="com.runner.TestRunner" time="8.448" errors="0" timestamp="2021-12-21T20:22:25 IST" skipped="0">
  <testcase classname="com.runner.TestRunner" name="runScenario" time="0.381"/>
  <system-out/>
  <testcase classname="com.runner.TestRunner" name="runScenario" time="3.672"/>
  <system-out/>
  <testcase classname="com.runner.TestRunner" name="runScenario" time="0.714"/>
  <system-out/>
  <testcase classname="com.runner.TestRunner" name="runScenario" time="0.402"/>
  <system-out/>
  <testcase classname="com.runner.TestRunner" name="runScenario" time="3.279"/>
  <system-out/>
</testsuite> <!-- com.runner.TestRunner -->
